\BOOKMARK [0][-]{titlepage.0}{Title Page}{}% 1
\BOOKMARK [0][-]{abstract.0}{Abstract}{}% 2
\BOOKMARK [0][-]{contents.0}{Contents}{}% 3
\BOOKMARK [0][-]{chapter.1}{Introduction}{}% 4
\BOOKMARK [1][-]{section.1.1}{Identification of Document}{chapter.1}% 5
\BOOKMARK [1][-]{section.1.2}{Scope of Document}{chapter.1}% 6
\BOOKMARK [1][-]{section.1.3}{Purpose and Objectives of Document}{chapter.1}% 7
\BOOKMARK [1][-]{section.1.4}{Documentation Status and Schedule}{chapter.1}% 8
\BOOKMARK [1][-]{section.1.5}{Document Contents}{chapter.1}% 9
\BOOKMARK [0][-]{chapter.2}{Related Documentation}{}% 10
\BOOKMARK [1][-]{section.2.1}{Parent Documents}{chapter.2}% 11
\BOOKMARK [1][-]{section.2.2}{Applicable Documents}{chapter.2}% 12
\BOOKMARK [1][-]{section.2.3}{Information Documents}{chapter.2}% 13
\BOOKMARK [0][-]{chapter.3}{Architectural Design}{}% 14
\BOOKMARK [1][-]{section.3.1}{Definition of the MODEL}{chapter.3}% 15
\BOOKMARK [2][-]{subsection.3.1.1}{Purpose and Scope}{section.3.1}% 16
\BOOKMARK [2][-]{subsection.3.1.2}{Goals and Objectives}{section.3.1}% 17
\BOOKMARK [0][-]{chapter.4}{Mathematical Formulations}{}% 18
\BOOKMARK [0][-]{chapter.5}{Interface Design}{}% 19
\BOOKMARK [1][-]{section.5.1}{Data Structure Design}{chapter.5}% 20
\BOOKMARK [2][-]{subsection.5.1.1}{MODEL1.h}{section.5.1}% 21
\BOOKMARK [2][-]{subsection.5.1.2}{MODELn.h}{section.5.1}% 22
\BOOKMARK [1][-]{section.5.2}{Input Files}{chapter.5}% 23
\BOOKMARK [0][-]{chapter.6}{Functional Design}{}% 24
\BOOKMARK [1][-]{section.6.1}{MODEL\137init.c}{chapter.6}% 25
\BOOKMARK [2][-]{subsection.6.1.1}{Design}{section.6.1}% 26
\BOOKMARK [2][-]{subsection.6.1.2}{Trick header}{section.6.1}% 27
\BOOKMARK [2][-]{subsection.6.1.3}{Requirements Traceability}{section.6.1}% 28
\BOOKMARK [0][-]{chapter.7}{Version Description}{}% 29
\BOOKMARK [1][-]{section.7.1}{Inventory}{chapter.7}% 30
\BOOKMARK [1][-]{section.7.2}{Change Status}{chapter.7}% 31
\BOOKMARK [1][-]{section.7.3}{Adaptation Data}{chapter.7}% 32
\BOOKMARK [0][-]{bibliography.0}{Bibliography}{}% 33
\BOOKMARK [0][-]{appendix.0}{Appendix}{}% 34
\BOOKMARK [0][-]{appendix.A}{Source Code}{}% 35
\BOOKMARK [1][-]{section.A.1}{C Header Files}{appendix.A}% 36
\BOOKMARK [2][-]{subsection.A.1.1}{MODEL.h}{section.A.1}% 37
\BOOKMARK [1][-]{section.A.2}{Data Files}{appendix.A}% 38
\BOOKMARK [2][-]{subsection.A.2.1}{MODEL.d}{section.A.2}% 39
\BOOKMARK [1][-]{section.A.3}{C Source Files}{appendix.A}% 40
\BOOKMARK [2][-]{subsection.A.3.1}{MODEL.c}{section.A.3}% 41
